\BOOKMARK [0][-]{chapter.1}{Preliminaries.}{}% 1
\BOOKMARK [1][-]{section.1.1}{Notation}{chapter.1}% 2
\BOOKMARK [1][-]{section.1.2}{Definitions.}{chapter.1}% 3
\BOOKMARK [0][-]{chapter.2}{Basics\040in\040Convex\040Analysis.}{}% 4
\BOOKMARK [0][-]{chapter.3}{Linear\040Programming}{}% 5
\BOOKMARK [1][-]{section.3.1}{Interior\040Methods}{chapter.3}% 6
\BOOKMARK [0][-]{chapter.4}{Optimal\040Transport\040Theory}{}% 7
\BOOKMARK [1][-]{section.4.1}{Kantorovich\040formulation\040as\040relaxation}{chapter.4}% 8
\BOOKMARK [0][-]{chapter.5}{Computational\040Optimal\040Transport}{}% 9
\BOOKMARK [1][-]{section.5.1}{Linear\040Programming\040Formulation.}{chapter.5}% 10
\BOOKMARK [2][-]{subsection.5.1.1}{Sinkhorn-Knopp\040Algorithm.}{section.5.1}% 11
\BOOKMARK [2][-]{subsection.5.1.2}{Simplex\040Method\040Algorithm.}{section.5.1}% 12
\BOOKMARK [2][-]{subsection.5.1.3}{Simulated\040Annealing.}{section.5.1}% 13
\BOOKMARK [1][-]{section.5.2}{Continuous\040Formulation.}{chapter.5}% 14
\BOOKMARK [0][-]{chapter.6}{Applications}{}% 15
\BOOKMARK [1][-]{section.6.1}{Nash\040Equilibrium.}{chapter.6}% 16
\BOOKMARK [1][-]{section.6.2}{Track\040of\040a\040Dynamic.}{chapter.6}% 17
\BOOKMARK [1][-]{section.6.3}{Domain\040Adaptation.}{chapter.6}% 18
\BOOKMARK [1][-]{section.6.4}{Isoperimetric\040Inequality.}{chapter.6}% 19
\BOOKMARK [1][-]{section.6.5}{Barycenter\040of\040a\040Fourier\040Power\040Spectrum.}{chapter.6}% 20
\BOOKMARK [0][-]{appendix*.5}{Bibliography}{}% 21
